<?xml version="1.0" encoding="UTF-8"?>
<!-- Generated by org.testng.reporters.JUnitXMLReporter -->
<testsuite ignored="1" hostname="Durgaprasad" failures="0" tests="4" name="Default test" time="0.051" errors="0" timestamp="2023-10-10T17:13:18 IST">
  <testcase classname="com.TestNG.Annotations2" name="LogInTest" time="0.005"/>
  <testcase classname="com.TestNG.Annotations2" name="inboxTest" time="0.001"/>
  <testcase classname="com.TestNG.Annotations2" name="composeMailTest" time="0.002"/>
  <testcase classname="com.TestNG.Annotations2" name="SentMailTest" time="0.001"/>
  <testcase classname="com.TestNG.Annotations2" name="DraftsTest" time="0.0">
    <ignored/>
  </testcase> <!-- DraftsTest -->
</testsuite> <!-- Default test -->
