<?xml version="1.0" encoding="UTF-8"?>
<!-- Generated by org.testng.reporters.JUnitXMLReporter -->
<testsuite ignored="0" hostname="Durgaprasad" failures="0" tests="2" name="Default test" time="5.567" errors="0" timestamp="2023-10-12T10:31:45 IST">
  <testcase classname="com.OrangeHRMApplicationPagesTestCases.OrangeHRMApplicationLogInPageTest" name="logInPanelTextValidationTest" time="0.08"/>
  <testcase classname="com.OrangeHRMApplicationPagesTestCases.OrangeHRMApplicationLogInPageTest" name="validatinglogInFunctionalityTest" time="0.034"/>
</testsuite> <!-- Default test -->
