<?xml version="1.0" encoding="UTF-8"?>
<testng-results ignored="0" total="2" passed="2" failed="0" skipped="0">
  <reporter-output>
  </reporter-output>
  <suite started-at="2023-10-12T10:31:39 IST" name="Default suite" finished-at="2023-10-12T10:31:45 IST" duration-ms="5567">
    <groups>
    </groups>
    <test started-at="2023-10-12T10:31:39 IST" name="Default test" finished-at="2023-10-12T10:31:45 IST" duration-ms="5567">
      <class name="com.OrangeHRMApplicationPagesTestCases.OrangeHRMApplicationLogInPageTest">
        <test-method is-config="true" signature="setUp()[pri:0, instance:com.OrangeHRMApplicationPagesTestCases.OrangeHRMApplicationLogInPageTest@2fd1433e]" started-at="2023-10-12T10:31:39 IST" name="setUp" finished-at="2023-10-12T10:31:42 IST" duration-ms="2257" status="PASS">
          <reporter-output>
          </reporter-output>
        </test-method> <!-- setUp -->
        <test-method signature="logInPanelTextValidationTest()[pri:1, instance:com.OrangeHRMApplicationPagesTestCases.OrangeHRMApplicationLogInPageTest@2fd1433e]" started-at="2023-10-12T10:31:42 IST" name="logInPanelTextValidationTest" description=" Validating OrangeHRM Application LogIn Page Text " finished-at="2023-10-12T10:31:42 IST" duration-ms="80" status="PASS">
          <reporter-output>
          </reporter-output>
        </test-method> <!-- logInPanelTextValidationTest -->
        <test-method is-config="true" signature="tearDown()[pri:0, instance:com.OrangeHRMApplicationPagesTestCases.OrangeHRMApplicationLogInPageTest@2fd1433e]" started-at="2023-10-12T10:31:42 IST" name="tearDown" finished-at="2023-10-12T10:31:42 IST" duration-ms="647" status="PASS">
          <reporter-output>
          </reporter-output>
        </test-method> <!-- tearDown -->
        <test-method is-config="true" signature="setUp()[pri:0, instance:com.OrangeHRMApplicationPagesTestCases.OrangeHRMApplicationLogInPageTest@2fd1433e]" started-at="2023-10-12T10:31:42 IST" name="setUp" finished-at="2023-10-12T10:31:44 IST" duration-ms="1874" status="PASS">
          <reporter-output>
          </reporter-output>
        </test-method> <!-- setUp -->
        <test-method signature="validatinglogInFunctionalityTest()[pri:2, instance:com.OrangeHRMApplicationPagesTestCases.OrangeHRMApplicationLogInPageTest@2fd1433e]" started-at="2023-10-12T10:31:44 IST" name="validatinglogInFunctionalityTest" description=" Validating OrangeHRM Application LogIn Page LogIn Funcationality " finished-at="2023-10-12T10:31:44 IST" duration-ms="34" status="PASS">
          <reporter-output>
          </reporter-output>
        </test-method> <!-- validatinglogInFunctionalityTest -->
        <test-method is-config="true" signature="tearDown()[pri:0, instance:com.OrangeHRMApplicationPagesTestCases.OrangeHRMApplicationLogInPageTest@2fd1433e]" started-at="2023-10-12T10:31:44 IST" name="tearDown" finished-at="2023-10-12T10:31:45 IST" duration-ms="641" status="PASS">
          <reporter-output>
          </reporter-output>
        </test-method> <!-- tearDown -->
      </class> <!-- com.OrangeHRMApplicationPagesTestCases.OrangeHRMApplicationLogInPageTest -->
    </test> <!-- Default test -->
  </suite> <!-- Default suite -->
</testng-results>
